TN:
SF:src/auth.ts
FN:6,checkAuth
FN:31,getGatewayToken
FNF:2
FNH:2
FNDA:52,checkAuth
FNDA:11,getGatewayToken
DA:8,52
DA:11,51
DA:12,52
DA:13,44
DA:17,7
DA:18,7
DA:19,52
DA:20,52
DA:22,6
DA:23,6
DA:24,6
DA:25,52
DA:27,52
DA:28,52
DA:32,11
DA:33,11
DA:34,11
LF:17
LH:17
BRDA:8,0,0,1
BRDA:8,0,1,51
BRDA:11,1,0,51
BRDA:11,1,1,0
BRDA:12,2,0,44
BRDA:12,2,1,8
BRDA:12,3,0,52
BRDA:12,3,1,9
BRDA:12,3,2,8
BRDA:20,4,0,1
BRDA:20,4,1,51
BRDA:24,5,0,6
BRDA:24,5,1,0
BRDA:27,6,0,52
BRDA:27,6,1,3
BRDA:27,6,2,2
BRDA:34,7,0,11
BRDA:34,7,1,2
BRF:18
BRH:16
end_of_record
TN:
SF:src/channel.ts
FN:9,resolveAccount
FN:42,(anonymous_1)
FN:43,(anonymous_2)
FN:44,(anonymous_3)
FN:45,(anonymous_4)
FN:46,(anonymous_5)
FN:47,(anonymous_6)
FN:55,(anonymous_7)
FN:65,(anonymous_8)
FN:71,(anonymous_9)
FN:77,(anonymous_10)
FN:88,(anonymous_11)
FN:107,(anonymous_12)
FNF:13
FNH:13
FNDA:14,resolveAccount
FNDA:1,(anonymous_1)
FNDA:14,(anonymous_2)
FNDA:1,(anonymous_3)
FNDA:1,(anonymous_4)
FNDA:2,(anonymous_5)
FNDA:1,(anonymous_6)
FNDA:1,(anonymous_7)
FNDA:3,(anonymous_8)
FNDA:1,(anonymous_9)
FNDA:3,(anonymous_10)
FNDA:2,(anonymous_11)
FNDA:1,(anonymous_12)
DA:10,14
DA:13,14
DA:21,2
DA:42,1
DA:43,14
DA:44,1
DA:45,1
DA:46,2
DA:47,1
DA:55,1
DA:66,3
DA:67,3
DA:71,1
DA:77,3
DA:89,2
DA:90,2
DA:91,2
DA:97,2
DA:108,1
DA:109,1
LF:20
LH:20
BRDA:15,0,0,14
BRDA:15,0,1,2
BRDA:16,1,0,14
BRDA:16,1,1,3
BRDA:17,2,0,14
BRDA:17,2,1,3
BRDA:73,3,0,1
BRDA:73,3,1,0
BRDA:74,4,0,1
BRDA:74,4,1,0
BRDA:75,5,0,1
BRDA:75,5,1,1
BRDA:81,6,0,3
BRDA:81,6,1,1
BRDA:82,7,0,3
BRDA:82,7,1,2
BRDA:83,8,0,3
BRDA:83,8,1,1
BRDA:84,9,0,3
BRDA:84,9,1,2
BRF:20
BRH:18
end_of_record
TN:
SF:src/http-server.ts
FN:41,jsonResponse
FN:50,serveStaticFile
FN:61,(anonymous_2)
FN:93,startHttpServer
FN:94,(anonymous_4)
FN:95,(anonymous_5)
FN:134,(anonymous_6)
FN:135,(anonymous_7)
FN:159,(anonymous_8)
FN:160,(anonymous_9)
FN:179,(anonymous_10)
FN:180,(anonymous_11)
FN:208,(anonymous_12)
FN:214,(anonymous_13)
FN:219,(anonymous_14)
FN:226,stopHttpServer
FNF:16
FNH:16
FNDA:21,jsonResponse
FNDA:17,serveStaticFile
FNDA:17,(anonymous_2)
FNDA:39,startHttpServer
FNDA:39,(anonymous_4)
FNDA:34,(anonymous_5)
FNDA:3,(anonymous_6)
FNDA:3,(anonymous_7)
FNDA:3,(anonymous_8)
FNDA:3,(anonymous_9)
FNDA:3,(anonymous_10)
FNDA:3,(anonymous_11)
FNDA:26,(anonymous_12)
FNDA:37,(anonymous_13)
FNDA:1,(anonymous_14)
FNDA:41,stopHttpServer
DA:13,5
DA:14,5
DA:15,5
DA:16,5
DA:18,5
DA:29,5
DA:42,21
DA:43,21
DA:47,21
DA:51,17
DA:52,17
DA:53,17
DA:55,17
DA:56,0
DA:57,0
DA:58,0
DA:61,17
DA:62,17
DA:64,6
DA:65,6
DA:66,6
DA:67,6
DA:69,0
DA:70,0
DA:71,0
DA:74,11
DA:75,11
DA:78,11
DA:79,9
DA:80,9
DA:85,11
DA:89,17
DA:94,39
DA:95,39
DA:96,34
DA:97,34
DA:98,2
DA:103,2
DA:104,2
DA:107,32
DA:109,34
DA:110,7
DA:111,0
DA:112,0
DA:114,7
DA:115,7
DA:119,25
DA:120,2
DA:121,0
DA:122,0
DA:124,2
DA:125,2
DA:128,23
DA:129,3
DA:130,0
DA:131,0
DA:133,3
DA:134,3
DA:135,3
DA:136,3
DA:137,3
DA:138,3
DA:139,3
DA:141,1
DA:144,3
DA:148,20
DA:149,3
DA:150,3
DA:153,17
DA:154,3
DA:155,0
DA:156,0
DA:158,3
DA:159,3
DA:160,3
DA:161,3
DA:162,3
DA:163,3
DA:164,3
DA:165,3
DA:167,1
DA:170,3
DA:173,14
DA:174,3
DA:175,0
DA:176,0
DA:178,3
DA:179,3
DA:180,3
DA:181,3
DA:182,3
DA:183,3
DA:184,3
DA:186,1
DA:189,3
DA:193,11
DA:195,0
DA:196,0
DA:197,0
DA:198,0
DA:203,39
DA:206,39
DA:208,39
DA:209,26
DA:210,26
DA:211,26
DA:214,39
DA:215,37
DA:216,37
DA:219,39
DA:220,1
DA:221,1
DA:227,41
DA:228,41
DA:229,14
DA:230,14
LF:116
LH:96
BRDA:16,0,0,5
BRDA:16,0,1,0
BRDA:51,1,0,9
BRDA:51,1,1,8
BRDA:55,2,0,0
BRDA:55,2,1,17
BRDA:62,3,0,6
BRDA:62,3,1,11
BRDA:65,4,0,6
BRDA:65,4,1,0
BRDA:65,5,0,6
BRDA:65,5,1,6
BRDA:78,6,0,9
BRDA:78,6,1,2
BRDA:86,7,0,11
BRDA:86,7,1,0
BRDA:87,8,0,9
BRDA:87,8,1,2
BRDA:97,9,0,2
BRDA:97,9,1,32
BRDA:107,10,0,32
BRDA:107,10,1,0
BRDA:109,11,0,7
BRDA:109,11,1,27
BRDA:110,12,0,0
BRDA:110,12,1,7
BRDA:119,13,0,2
BRDA:119,13,1,23
BRDA:119,14,0,25
BRDA:119,14,1,5
BRDA:120,15,0,0
BRDA:120,15,1,2
BRDA:128,16,0,3
BRDA:128,16,1,20
BRDA:128,17,0,23
BRDA:128,17,1,3
BRDA:129,18,0,0
BRDA:129,18,1,3
BRDA:148,19,0,3
BRDA:148,19,1,17
BRDA:153,20,0,3
BRDA:153,20,1,14
BRDA:153,21,0,17
BRDA:153,21,1,3
BRDA:154,22,0,0
BRDA:154,22,1,3
BRDA:163,23,0,3
BRDA:163,23,1,1
BRDA:164,24,0,3
BRDA:164,24,1,1
BRDA:173,25,0,3
BRDA:173,25,1,11
BRDA:173,26,0,14
BRDA:173,26,1,3
BRDA:174,27,0,0
BRDA:174,27,1,3
BRDA:183,28,0,3
BRDA:183,28,1,1
BRDA:196,29,0,0
BRDA:196,29,1,0
BRDA:228,30,0,14
BRDA:228,30,1,27
BRF:62
BRH:50
end_of_record
TN:
SF:src/message-store.ts
FN:9,ensureStoreDir
FN:15,storagePath
FN:20,readHistory
FN:31,appendMessage
FN:39,listSessions
FN:45,(anonymous_5)
FN:47,(anonymous_6)
FN:62,(anonymous_7)
FN:65,deleteSession
FN:74,nextMessageId
FNF:10
FNH:10
FNDA:1145,ensureStoreDir
FNDA:1147,storagePath
FNDA:588,readHistory
FNDA:547,appendMessage
FNDA:10,listSessions
FNDA:150,(anonymous_5)
FNDA:150,(anonymous_6)
FNDA:423,(anonymous_7)
FNDA:12,deleteSession
FNDA:25,nextMessageId
DA:7,10
DA:10,1145
DA:11,0
DA:16,1147
DA:17,1147
DA:21,588
DA:22,588
DA:23,588
DA:24,563
DA:25,563
DA:27,1
DA:32,547
DA:33,547
DA:34,547
DA:35,547
DA:36,547
DA:44,10
DA:45,150
DA:46,10
DA:48,150
DA:49,150
DA:50,150
DA:53,150
DA:59,1
DA:62,423
DA:66,12
DA:67,12
DA:68,9
DA:69,9
DA:71,3
DA:75,25
DA:76,25
DA:77,25
LF:33
LH:32
BRDA:7,0,0,10
BRDA:7,0,1,0
BRDA:10,1,0,0
BRDA:10,1,1,1145
BRDA:23,2,0,25
BRDA:23,2,1,563
BRDA:56,3,0,148
BRDA:56,3,1,1
BRDA:67,4,0,9
BRDA:67,4,1,3
BRF:10
BRH:8
end_of_record
TN:
SF:src/push.ts
FN:12,ensureDir
FN:23,loadOrCreateVapidKeys
FN:36,getVapidPublicKey
FN:41,initWebPush
FN:57,readSubscriptions
FN:67,writeSubscriptions
FN:72,addSubscription
FN:76,(anonymous_7)
FN:85,removeSubscription
FN:88,(anonymous_9)
FN:95,sendPushNotification
FN:109,(anonymous_11)
FNF:12
FNH:12
FNDA:93,ensureDir
FNDA:5,loadOrCreateVapidKeys
FNDA:8,getVapidPublicKey
FNDA:18,initWebPush
FNDA:54,readSubscriptions
FNDA:34,writeSubscriptions
FNDA:27,addSubscription
FNDA:8,(anonymous_7)
FNDA:9,removeSubscription
FNDA:9,(anonymous_9)
FNDA:18,sendPushNotification
FNDA:10,(anonymous_11)
DA:8,10
DA:9,10
DA:10,10
DA:13,93
DA:24,5
DA:25,5
DA:26,5
DA:28,0
DA:29,0
DA:30,0
DA:31,0
DA:34,10
DA:37,8
DA:38,8
DA:42,18
DA:43,18
DA:58,54
DA:59,54
DA:60,33
DA:61,33
DA:63,1
DA:68,34
DA:69,34
DA:73,27
DA:74,27
DA:76,27
DA:77,27
DA:78,2
DA:80,25
DA:82,27
DA:86,9
DA:87,9
DA:88,9
DA:89,7
DA:90,7
DA:100,18
DA:101,18
DA:102,18
DA:103,18
DA:105,8
DA:106,8
DA:108,8
DA:110,10
DA:111,10
DA:112,5
DA:114,5
DA:116,2
DA:118,3
DA:125,8
DA:126,2
LF:50
LH:46
BRDA:8,0,0,10
BRDA:8,0,1,0
BRDA:13,1,0,0
BRDA:13,1,1,93
BRDA:25,2,0,5
BRDA:25,2,1,0
BRDA:37,3,0,2
BRDA:37,3,1,6
BRDA:42,4,0,3
BRDA:42,4,1,15
BRDA:59,5,0,21
BRDA:59,5,1,33
BRDA:74,6,0,20
BRDA:74,6,1,7
BRDA:77,7,0,2
BRDA:77,7,1,25
BRDA:87,8,0,2
BRDA:87,8,1,7
BRDA:89,9,0,3
BRDA:89,9,1,4
BRDA:103,10,0,10
BRDA:103,10,1,8
BRDA:103,11,0,18
BRDA:103,11,1,8
BRDA:114,12,0,2
BRDA:114,12,1,3
BRDA:114,13,0,5
BRDA:114,13,1,4
BRDA:125,14,0,2
BRDA:125,14,1,6
BRF:30
BRH:27
end_of_record
TN:
SF:src/runtime.ts
FN:7,setRuntime
FN:11,getRuntime
FNF:2
FNH:2
FNDA:41,setRuntime
FNDA:12,getRuntime
DA:5,10
DA:8,41
DA:12,12
DA:13,11
LF:4
LH:4
BRDA:12,0,0,1
BRDA:12,0,1,11
BRF:2
BRH:2
end_of_record
TN:
SF:src/types.ts
FNF:0
FNH:0
DA:30,11
DA:31,11
DA:32,11
LF:3
LH:3
BRF:0
BRH:0
end_of_record
TN:
SF:src/ws-server.ts
FN:29,getUserState
FN:40,getNextSeq
FN:45,addToBuffer
FN:59,addClient
FN:63,removeClient
FN:69,broadcast
FN:96,clearStreamingTimeout
FN:101,setStreamingText
FN:103,(anonymous_8)
FN:111,endStreaming
FN:118,pushOutboundMessage
FN:137,(anonymous_11)
FN:141,normalizeTarget
FN:148,dispatchInbound
FN:213,(anonymous_14)
FN:230,(anonymous_15)
FN:248,(anonymous_16)
FN:268,setupWebSocketServer
FN:276,(anonymous_18)
FN:289,(anonymous_19)
FN:298,(anonymous_20)
FN:310,(anonymous_21)
FN:313,handleConnection
FN:370,(anonymous_23)
FN:377,(anonymous_24)
FN:443,(anonymous_25)
FN:446,(anonymous_26)
FN:452,(anonymous_27)
FN:457,(anonymous_28)
FN:463,closeWebSocketServer
FNF:30
FNH:24
FNDA:226,getUserState
FNDA:80,getNextSeq
FNDA:57,addToBuffer
FNDA:23,addClient
FNDA:23,removeClient
FNDA:28,broadcast
FNDA:8,clearStreamingTimeout
FNDA:6,setStreamingText
FNDA:0,(anonymous_8)
FNDA:2,endStreaming
FNDA:15,pushOutboundMessage
FNDA:0,(anonymous_11)
FNDA:15,normalizeTarget
FNDA:5,dispatchInbound
FNDA:0,(anonymous_14)
FNDA:8,(anonymous_15)
FNDA:0,(anonymous_16)
FNDA:60,setupWebSocketServer
FNDA:24,(anonymous_18)
FNDA:23,(anonymous_19)
FNDA:0,(anonymous_20)
FNDA:60,(anonymous_21)
FNDA:23,handleConnection
FNDA:9,(anonymous_23)
FNDA:13,(anonymous_24)
FNDA:2,(anonymous_25)
FNDA:1,(anonymous_26)
FNDA:23,(anonymous_27)
FNDA:0,(anonymous_28)
FNDA:88,closeWebSocketServer
DA:21,9
DA:30,226
DA:31,226
DA:32,10
DA:33,10
DA:35,226
DA:38,9
DA:41,80
DA:42,80
DA:46,57
DA:47,57
DA:48,57
DA:49,0
DA:60,23
DA:64,23
DA:65,23
DA:66,23
DA:74,28
DA:76,28
DA:77,28
DA:78,28
DA:80,28
DA:81,28
DA:82,28
DA:83,19
DA:84,19
DA:85,19
DA:88,28
DA:94,9
DA:97,8
DA:98,8
DA:102,6
DA:103,6
DA:104,0
DA:105,0
DA:107,6
DA:108,6
DA:112,2
DA:113,2
DA:114,2
DA:119,15
DA:120,15
DA:126,15
DA:127,15
DA:130,15
DA:131,15
DA:132,10
DA:133,10
DA:142,15
DA:156,5
DA:157,5
DA:159,5
DA:160,5
DA:162,5
DA:163,5
DA:170,5
DA:171,5
DA:176,5
DA:187,5
DA:207,5
DA:215,5
DA:222,5
DA:223,5
DA:225,5
DA:231,8
DA:232,8
DA:234,8
DA:236,2
DA:237,2
DA:238,2
DA:239,2
DA:241,2
DA:242,6
DA:244,6
DA:245,6
DA:249,0
DA:259,2
DA:260,0
DA:261,0
DA:266,9
DA:274,60
DA:276,60
DA:277,24
DA:278,24
DA:279,1
DA:280,1
DA:283,23
DA:284,0
DA:285,0
DA:286,0
DA:289,23
DA:290,23
DA:291,23
DA:292,23
DA:293,23
DA:298,60
DA:299,0
DA:300,0
DA:301,0
DA:303,0
DA:304,0
DA:305,0
DA:310,60
DA:321,23
DA:322,23
DA:324,23
DA:325,23
DA:326,23
DA:329,23
DA:330,2
DA:331,2
DA:332,2
DA:334,2
DA:335,1
DA:336,1
DA:337,1
DA:339,1
DA:343,23
DA:344,23
DA:345,23
DA:348,23
DA:349,23
DA:350,23
DA:352,23
DA:354,22
DA:355,22
DA:356,22
DA:357,22
DA:358,22
DA:361,22
DA:362,22
DA:363,2
DA:364,2
DA:365,2
DA:366,2
DA:370,9
DA:371,1
DA:372,2
DA:374,1
DA:377,23
DA:379,13
DA:380,13
DA:382,1
DA:385,12
DA:387,1
DA:388,1
DA:389,1
DA:392,11
DA:393,4
DA:396,4
DA:397,4
DA:398,4
DA:399,4
DA:400,4
DA:403,4
DA:404,4
DA:405,1
DA:406,1
DA:411,1
DA:412,1
DA:415,4
DA:418,7
DA:419,6
DA:420,6
DA:423,5
DA:426,5
DA:433,6
DA:436,6
DA:439,6
DA:442,6
DA:444,2
DA:447,1
DA:452,23
DA:453,23
DA:454,23
DA:457,23
DA:458,0
DA:459,0
DA:464,88
DA:465,60
DA:466,60
LF:181
LH:164
BRDA:31,0,0,10
BRDA:31,0,1,216
BRDA:48,1,0,0
BRDA:48,1,1,57
BRDA:65,2,0,0
BRDA:65,2,1,23
BRDA:83,3,0,19
BRDA:83,3,1,0
BRDA:98,4,0,5
BRDA:98,4,1,3
BRDA:131,5,0,10
BRDA:131,5,1,5
BRDA:132,6,0,0
BRDA:132,6,1,10
BRDA:231,7,0,8
BRDA:231,7,1,0
BRDA:234,8,0,2
BRDA:234,8,1,6
BRDA:237,9,0,0
BRDA:237,9,1,2
BRDA:238,10,0,2
BRDA:238,10,1,0
BRDA:242,11,0,6
BRDA:242,11,1,0
BRDA:242,12,0,6
BRDA:242,12,1,6
BRDA:259,13,0,0
BRDA:259,13,1,2
BRDA:259,14,0,2
BRDA:259,14,1,0
BRDA:277,15,0,24
BRDA:277,15,1,0
BRDA:278,16,0,1
BRDA:278,16,1,23
BRDA:283,17,0,0
BRDA:283,17,1,23
BRDA:290,18,0,23
BRDA:290,18,1,0
BRDA:291,19,0,23
BRDA:291,19,1,23
BRDA:292,20,0,23
BRDA:292,20,1,0
BRDA:299,21,0,0
BRDA:299,21,1,0
BRDA:304,22,0,0
BRDA:304,22,1,0
BRDA:321,23,0,23
BRDA:321,23,1,21
BRDA:322,24,0,23
BRDA:322,24,1,21
BRDA:329,25,0,2
BRDA:329,25,1,21
BRDA:331,26,0,2
BRDA:331,26,1,0
BRDA:332,27,0,2
BRDA:332,27,1,0
BRDA:334,28,0,1
BRDA:334,28,1,1
BRDA:334,29,0,2
BRDA:334,29,1,2
BRDA:352,30,0,22
BRDA:352,30,1,1
BRDA:362,31,0,2
BRDA:362,31,1,20
BRDA:385,32,0,1
BRDA:385,32,1,11
BRDA:392,33,0,4
BRDA:392,33,1,7
BRDA:404,34,0,1
BRDA:404,34,1,3
BRDA:418,35,0,6
BRDA:418,35,1,1
BRDA:418,36,0,7
BRDA:418,36,1,6
BRDA:420,37,0,1
BRDA:420,37,1,5
BRDA:431,38,0,0
BRDA:431,38,1,5
BRDA:431,39,0,5
BRDA:431,39,1,0
BRDA:440,40,0,0
BRDA:440,40,1,1
BRDA:464,41,0,60
BRDA:464,41,1,28
BRF:84
BRH:61
end_of_record
